2019-04-28 17:38:49,334 - INFO - portfolio-optimization - get_raw_data - Get raw data from CSV file: ../ai-funds-raw-data.csv
2019-04-28 17:38:49,408 - DEBUG - portfolio-optimization - get_raw_data - 
df_raw_data
            close_000166.XSHE  close_000416.XSHE  close_000563.XSHE  close_000567.XSHE  close_000617.XSHE  close_000627.XSHE  close_000686.XSHE  close_000712.XSHE  close_000728.XSHE
date                                                                                                                                                                                 
2017-01-03               6.07              11.47               7.17              38.07              18.64               7.76              12.23              23.19              13.07
2017-01-04               6.07              11.50               7.17              38.51              19.57               7.78              12.25              23.83              13.12
2017-01-05               6.07              11.66               7.17              39.67              20.55               7.79              12.17              23.53              13.02
2017-01-06               6.07              11.68               7.17              38.51              21.58               7.78              12.01              22.83              12.89
2017-01-09               6.07              11.67               7.17              38.67              22.66               7.75              12.14              22.47              12.86
2017-01-10               6.07              11.75               7.17              38.17              21.52               7.77              12.16              22.25              12.82
2017-01-11               6.07              11.52               7.17              39.07              21.53               7.71              11.94              21.88              12.73
2017-01-12               6.07              11.60               7.17              38.90              21.28               7.56              11.89              22.33              12.76
2017-01-13               6.07              12.12               7.17              38.58              21.28               7.53              11.85              21.85              12.57
2017-01-16               6.07              11.25               7.17              35.14              19.38               7.24              11.57              21.07              11.85
2017-01-17               6.07              11.07               7.17              33.80              18.24               7.25              11.60              21.05              11.72
2017-01-18               6.07              11.10               6.45              33.51              17.63               7.32              11.55              20.83              11.57
2017-01-19               6.07              11.09               5.81              33.31              17.51               7.25              11.56              21.70              11.72
2017-01-20               6.07              11.83               5.74              34.01              17.30               7.35              11.74              22.09              11.91
2017-01-23               6.07              11.77               5.71              34.13              17.37               7.36              11.84              22.07              11.94
2017-01-24               6.07              12.16               5.53              33.55              19.10               7.66              11.75              21.99              11.87
2017-01-25               6.07              12.00               5.74              33.27              18.91               7.64              11.79              22.20              11.90
2017-01-26               6.13              12.13               5.69              33.36              18.30               7.64              11.87              22.75              11.92
2017-02-03               6.07              11.78               5.74              33.58              18.64               7.48              11.79              22.88              11.79
2017-02-06               6.12              11.86               5.74              33.97              18.47               7.55              11.81              22.74              11.84
2017-02-07               6.12              12.02               5.89              34.40              19.42               7.51              11.69              23.37              11.64
2017-02-08               6.20              11.95               5.90              34.52              19.30               7.54              11.95              23.33              12.10
2017-02-09               6.20              12.45               5.90              34.58              19.41               7.60              11.93              23.34              12.11
2017-02-10               6.23              12.16               5.87              33.55              19.00               7.62              11.99              23.00              12.24
2017-02-13               6.25              12.11               5.90              33.83              18.19               7.68              12.05              22.94              12.73
2017-02-14               6.24              11.99               5.85              34.18              18.25               7.63              12.03              22.79              12.63
2017-02-15               6.21              11.90               5.99              34.68              17.78               7.56              11.96              20.99              12.56
2017-02-16               6.27              12.09               6.35              34.99              17.94               7.69              12.10              21.33              12.85
2017-02-17               6.27              11.75               6.20              33.80              17.19               7.79              12.14              21.40              12.77
2017-02-20               6.31              11.78               6.20              33.43              17.40               7.89              12.33              21.23              13.07
...                       ...                ...                ...                ...                ...                ...                ...                ...                ...
2018-12-20               4.23               4.48               2.76              11.51              10.56               5.77               6.56               9.55               7.48
2018-12-21               4.14               4.38               2.75              11.33              10.27               5.72               6.51               9.58               7.45
2018-12-24               4.15               4.38               2.77              11.32              10.27               5.71               6.46               9.51               7.35
2018-12-25               4.07               4.18               2.70              11.01              10.08               5.64               6.27               9.33               7.03
2018-12-26               4.01               4.17               2.68              10.98              10.15               5.61               6.14               9.08               6.94
2018-12-27               3.99               4.07               2.67              11.04              10.10               5.61               6.16               8.92               6.80
2018-12-28               4.07               4.09               2.68              11.12              10.75               5.61               6.26               9.08               6.98
2019-01-02               4.04               4.07               2.67              11.11              10.24               5.61               6.28               9.17               7.01
2019-01-03               4.13               4.07               2.70              10.92               9.93               5.56               6.44               9.32               7.20
2019-01-04               4.42               4.40               2.88              11.35              10.38               5.69               6.97              10.18               7.92
2019-01-07               4.38               4.36               2.90              11.61              10.33               5.69               6.90              10.43               7.81
2019-01-08               4.40               4.33               2.90              11.44              10.26               5.63               7.05              10.50               7.82
2019-01-09               4.40               4.33               2.88              11.41              10.27               5.66               6.98              10.69               7.76
2019-01-10               4.33               4.32               2.84              11.34              10.16               5.56               6.91              10.41               7.69
2019-01-11               4.36               4.33               2.86              11.54              10.13               5.56               6.95              10.47               7.71
2019-01-14               4.32               4.31               2.85              11.25              10.19               5.59               6.88              10.40               7.63
2019-01-15               4.41               4.36               2.88              11.49              10.18               5.62               7.03              10.56               7.83
2019-01-16               4.38               4.31               2.86              11.40              10.14               5.58               6.92              10.47               7.71
2019-01-17               4.32               4.16               2.85              11.37              10.14               5.65               6.82              10.17               7.60
2019-01-18               4.38               4.17               2.88              11.49              10.19               5.72               6.90              10.17               7.71
2019-01-21               4.38               4.19               2.88              11.50              10.37               5.75               6.89              10.12               7.65
2019-01-22               4.34               4.16               2.83              11.30              10.15               5.69               6.77              10.01               7.63
2019-01-23               4.32               4.15               2.83              11.06              10.05               5.67               6.83               9.90               7.67
2019-01-24               4.38               4.14               2.85              11.06              10.11               5.62               6.92              10.08               7.80
2019-01-25               4.38               4.11               2.85              10.89              10.17               5.64               6.87               9.65               7.71
2019-01-28               4.39               4.08               2.84              10.80              10.12               5.67               6.68               9.51               7.71
2019-01-29               4.39               3.97               2.74              10.33              10.06               5.77               6.61               9.51               7.53
2019-01-30               4.35               4.00               2.71              10.33              10.05               5.61               6.55               9.25               7.41
2019-01-31               4.42               3.93               2.72              10.07              10.06               5.55               6.64               9.16               7.48
2019-02-01               4.50               4.03               2.80              10.57              10.21               5.70               6.86               9.50               7.71

[510 rows x 9 columns]
with dimensions 510x9
2019-04-28 17:38:49,633 - INFO - portfolio-optimization - get_r - Get rates of return from dataframe of raw data ...
2019-04-28 17:38:49,648 - DEBUG - portfolio-optimization - get_r - 
r
[[ 0.     0.     0.    ... -0.009  0.016  0.018]
 [ 0.003  0.014  0.002 ...  0.008 -0.017  0.025]
 [ 0.     0.     0.    ... -0.011  0.004  0.029]
 ...
 [ 0.002 -0.007 -0.013 ... -0.009  0.014  0.033]
 [ 0.028 -0.013 -0.03  ... -0.027 -0.01   0.037]
 [ 0.004 -0.008 -0.01  ... -0.016  0.009  0.031]]
with dimensions 9x509
2019-04-28 17:38:49,821 - DEBUG - portfolio-optimization - get_efficient_frontier_params - 
r
[[ 0.     0.     0.    ... -0.009  0.016  0.018]
 [ 0.003  0.014  0.002 ...  0.008 -0.017  0.025]
 [ 0.     0.     0.    ... -0.011  0.004  0.029]
 ...
 [ 0.002 -0.007 -0.013 ... -0.009  0.014  0.033]
 [ 0.028 -0.013 -0.03  ... -0.027 -0.01   0.037]
 [ 0.004 -0.008 -0.01  ... -0.016  0.009  0.031]]
2019-04-28 17:38:49,821 - DEBUG - portfolio-optimization - get_efficient_frontier_params - 
Sigma
[[0.    0.    0.    0.    0.    0.    0.    0.    0.   ]
 [0.    0.001 0.    0.    0.    0.    0.    0.    0.   ]
 [0.    0.    0.    0.    0.    0.    0.    0.    0.   ]
 [0.    0.    0.    0.001 0.    0.    0.    0.    0.   ]
 [0.    0.    0.    0.    0.001 0.    0.    0.    0.   ]
 [0.    0.    0.    0.    0.    0.    0.    0.    0.   ]
 [0.    0.    0.    0.    0.    0.    0.    0.    0.   ]
 [0.    0.    0.    0.    0.    0.    0.    0.001 0.   ]
 [0.    0.    0.    0.    0.    0.    0.    0.    0.001]]
2019-04-28 17:38:49,837 - DEBUG - portfolio-optimization - get_efficient_frontier_params - 
mu
[[-0.   ]
 [-0.002]
 [-0.002]
 [-0.002]
 [-0.001]
 [-0.   ]
 [-0.001]
 [-0.001]
 [-0.001]]
2019-04-28 17:38:49,837 - INFO - portfolio-optimization - get_efficient_frontier_params - Number of assets = 9
2019-04-28 17:38:49,840 - DEBUG - portfolio-optimization - get_efficient_frontier_params - 
Sigma_inv
[[ 2.421e+04 -2.098e+01 -3.745e+02  1.787e+02 -4.718e+02 -1.179e+02
  -1.344e+04  1.374e+02 -2.053e+03]
 [-2.098e+01  2.025e+03 -3.537e+02 -2.394e+02 -2.123e+02 -3.631e+02
  -7.366e+02 -2.676e+02  3.167e+01]
 [-3.745e+02 -3.537e+02  3.962e+03 -1.848e+02 -4.771e+02 -4.488e+02
  -1.352e+03 -2.240e+02 -3.115e+02]
 [ 1.787e+02 -2.394e+02 -1.848e+02  1.556e+03 -2.788e+02 -1.163e+02
  -3.823e+02 -1.333e+02 -1.602e+01]
 [-4.718e+02 -2.123e+02 -4.771e+02 -2.788e+02  2.508e+03 -1.553e+02
  -4.321e+02 -1.142e+02 -1.802e+01]
 [-1.179e+02 -3.631e+02 -4.488e+02 -1.163e+02 -1.553e+02  3.134e+03
  -9.947e+02 -2.410e+02  4.468e+02]
 [-1.344e+04 -7.366e+02 -1.352e+03 -3.823e+02 -4.321e+02 -9.947e+02
   2.403e+04 -1.311e+03 -7.255e+03]
 [ 1.374e+02 -2.676e+02 -2.240e+02 -1.333e+02 -1.142e+02 -2.410e+02
  -1.311e+03  2.450e+03 -4.813e+02]
 [-2.053e+03  3.167e+01 -3.115e+02 -1.602e+01 -1.802e+01  4.468e+02
  -7.255e+03 -4.813e+02  8.390e+03]]
2019-04-28 17:38:49,840 - DEBUG - portfolio-optimization - get_efficient_frontier_params - 
ones_matrix
[[1.]
 [1.]
 [1.]
 [1.]
 [1.]
 [1.]
 [1.]
 [1.]
 [1.]]
2019-04-28 17:38:49,840 - INFO - portfolio-optimization - get_efficient_frontier_params - a = 0.009987174802603003
2019-04-28 17:38:49,841 - INFO - portfolio-optimization - get_efficient_frontier_params - b = -2.6187035183073197
2019-04-28 17:38:49,841 - INFO - portfolio-optimization - get_efficient_frontier_params - c = 6696.301452935384
2019-04-28 17:38:49,842 - INFO - portfolio-optimization - get_efficient_frontier_params - d = 60.01952502459501
2019-04-28 17:38:49,842 - DEBUG - portfolio-optimization - efficient_frontier - Number of assets = 9
2019-04-28 17:38:49,843 - DEBUG - portfolio-optimization - efficient_frontier - 
ones_matrix
[[1.]
 [1.]
 [1.]
 [1.]
 [1.]
 [1.]
 [1.]
 [1.]
 [1.]]
2019-04-28 17:38:49,845 - INFO - portfolio-optimization - efficient_frontier - 
sigma_p
[0.05  0.049 0.048 0.047 0.046 0.045 0.044 0.043 0.042 0.041 0.04  0.039
 0.038 0.037 0.036 0.035 0.034 0.033 0.032 0.031 0.03  0.029 0.028 0.027
 0.026 0.025 0.024 0.024 0.023 0.022 0.021 0.02  0.019 0.018 0.018 0.017
 0.016 0.016 0.015 0.014 0.014 0.013 0.013 0.013 0.012 0.012 0.012 0.012
 0.012 0.013 0.013 0.013 0.014 0.014 0.015 0.015 0.016 0.017 0.018 0.018
 0.019 0.02  0.021 0.022 0.023 0.023 0.024 0.025 0.026 0.027 0.028 0.029
 0.03  0.031 0.032 0.033 0.034 0.035 0.036 0.037 0.038 0.039 0.04  0.041
 0.042 0.043 0.044 0.045 0.046 0.047 0.048 0.049 0.05  0.051 0.052 0.053
 0.054 0.055 0.056 0.057 0.058 0.059 0.06  0.061 0.062 0.063 0.064 0.065
 0.067 0.068 0.069 0.07  0.071 0.072 0.073 0.074 0.075 0.076 0.077 0.078
 0.079 0.08  0.081 0.082 0.083 0.084 0.085 0.086 0.087 0.088 0.089 0.091
 0.092 0.093 0.094 0.095 0.096 0.097 0.098 0.099 0.1   0.101 0.102 0.103
 0.104 0.105 0.106 0.107 0.108 0.109]
2019-04-28 17:38:49,847 - DEBUG - portfolio-optimization - efficient_frontier - Detected mu_p as an array
2019-04-28 17:38:49,847 - DEBUG - portfolio-optimization - efficient_frontier - 
theta_ef at mu_p = -0.005
[[-2.086]
 [ 0.46 ]
 [ 1.387]
 [ 0.902]
 [-0.198]
 [-0.829]
 [ 2.31 ]
 [ 0.262]
 [-1.207]]
2019-04-28 17:38:49,848 - DEBUG - portfolio-optimization - efficient_frontier - 
theta_ef at mu_p = -0.0049
[[-2.015]
 [ 0.45 ]
 [ 1.357]
 [ 0.884]
 [-0.193]
 [-0.807]
 [ 2.253]
 [ 0.256]
 [-1.185]]
2019-04-28 17:38:49,848 - DEBUG - portfolio-optimization - efficient_frontier - 
theta_ef at mu_p = -0.0048
[[-1.944]
 [ 0.439]
 [ 1.328]
 [ 0.866]
 [-0.188]
 [-0.786]
 [ 2.197]
 [ 0.25 ]
 [-1.163]]
2019-04-28 17:38:49,849 - DEBUG - portfolio-optimization - efficient_frontier - 
theta_ef at mu_p = -0.004699999999999999
[[-1.872]
 [ 0.429]
 [ 1.299]
 [ 0.847]
 [-0.182]
 [-0.764]
 [ 2.141]
 [ 0.244]
 [-1.141]]
2019-04-28 17:38:49,849 - DEBUG - portfolio-optimization - efficient_frontier - 
theta_ef at mu_p = -0.004599999999999999
[[-1.801]
 [ 0.419]
 [ 1.269]
 [ 0.829]
 [-0.177]
 [-0.742]
 [ 2.085]
 [ 0.237]
 [-1.119]]
2019-04-28 17:38:49,850 - DEBUG - portfolio-optimization - efficient_frontier - 
theta_ef at mu_p = -0.004499999999999999
[[-1.73 ]
 [ 0.408]
 [ 1.24 ]
 [ 0.811]
 [-0.171]
 [-0.721]
 [ 2.029]
 [ 0.231]
 [-1.097]]
2019-04-28 17:38:49,850 - DEBUG - portfolio-optimization - efficient_frontier - 
theta_ef at mu_p = -0.0043999999999999985
[[-1.658]
 [ 0.398]
 [ 1.211]
 [ 0.792]
 [-0.166]
 [-0.699]
 [ 1.973]
 [ 0.225]
 [-1.075]]
2019-04-28 17:38:49,851 - DEBUG - portfolio-optimization - efficient_frontier - 
theta_ef at mu_p = -0.004299999999999998
[[-1.587]
 [ 0.387]
 [ 1.181]
 [ 0.774]
 [-0.16 ]
 [-0.677]
 [ 1.916]
 [ 0.218]
 [-1.053]]
2019-04-28 17:38:49,851 - DEBUG - portfolio-optimization - efficient_frontier - 
theta_ef at mu_p = -0.004199999999999998
[[-1.516]
 [ 0.377]
 [ 1.152]
 [ 0.756]
 [-0.155]
 [-0.656]
 [ 1.86 ]
 [ 0.212]
 [-1.031]]
2019-04-28 17:38:49,852 - DEBUG - portfolio-optimization - efficient_frontier - 
theta_ef at mu_p = -0.004099999999999998
[[-1.444]
 [ 0.366]
 [ 1.123]
 [ 0.737]
 [-0.149]
 [-0.634]
 [ 1.804]
 [ 0.206]
 [-1.008]]
2019-04-28 17:38:49,852 - DEBUG - portfolio-optimization - efficient_frontier - 
theta_ef at mu_p = -0.0039999999999999975
[[-1.373]
 [ 0.356]
 [ 1.093]
 [ 0.719]
 [-0.144]
 [-0.612]
 [ 1.748]
 [ 0.2  ]
 [-0.986]]
2019-04-28 17:38:49,853 - DEBUG - portfolio-optimization - efficient_frontier - 
theta_ef at mu_p = -0.0038999999999999972
[[-1.302]
 [ 0.346]
 [ 1.064]
 [ 0.701]
 [-0.139]
 [-0.59 ]
 [ 1.692]
 [ 0.193]
 [-0.964]]
2019-04-28 17:38:49,853 - DEBUG - portfolio-optimization - efficient_frontier - 
theta_ef at mu_p = -0.003799999999999997
[[-1.23 ]
 [ 0.335]
 [ 1.035]
 [ 0.682]
 [-0.133]
 [-0.569]
 [ 1.635]
 [ 0.187]
 [-0.942]]
2019-04-28 17:38:49,854 - DEBUG - portfolio-optimization - efficient_frontier - 
theta_ef at mu_p = -0.0036999999999999967
[[-1.159]
 [ 0.325]
 [ 1.005]
 [ 0.664]
 [-0.128]
 [-0.547]
 [ 1.579]
 [ 0.181]
 [-0.92 ]]
2019-04-28 17:38:49,854 - DEBUG - portfolio-optimization - efficient_frontier - 
theta_ef at mu_p = -0.0035999999999999964
[[-1.088]
 [ 0.314]
 [ 0.976]
 [ 0.646]
 [-0.122]
 [-0.525]
 [ 1.523]
 [ 0.174]
 [-0.898]]
2019-04-28 17:38:49,855 - DEBUG - portfolio-optimization - efficient_frontier - 
theta_ef at mu_p = -0.003499999999999996
[[-1.016]
 [ 0.304]
 [ 0.947]
 [ 0.627]
 [-0.117]
 [-0.504]
 [ 1.467]
 [ 0.168]
 [-0.876]]
2019-04-28 17:38:49,855 - DEBUG - portfolio-optimization - efficient_frontier - 
theta_ef at mu_p = -0.003399999999999996
[[-0.945]
 [ 0.293]
 [ 0.918]
 [ 0.609]
 [-0.111]
 [-0.482]
 [ 1.411]
 [ 0.162]
 [-0.854]]
2019-04-28 17:38:49,856 - DEBUG - portfolio-optimization - efficient_frontier - 
theta_ef at mu_p = -0.0032999999999999956
[[-0.874]
 [ 0.283]
 [ 0.888]
 [ 0.591]
 [-0.106]
 [-0.46 ]
 [ 1.355]
 [ 0.155]
 [-0.832]]
2019-04-28 17:38:49,856 - DEBUG - portfolio-optimization - efficient_frontier - 
theta_ef at mu_p = -0.0031999999999999954
[[-0.802]
 [ 0.272]
 [ 0.859]
 [ 0.572]
 [-0.101]
 [-0.439]
 [ 1.298]
 [ 0.149]
 [-0.81 ]]
2019-04-28 17:38:49,857 - DEBUG - portfolio-optimization - efficient_frontier - 
theta_ef at mu_p = -0.003099999999999995
[[-0.731]
 [ 0.262]
 [ 0.83 ]
 [ 0.554]
 [-0.095]
 [-0.417]
 [ 1.242]
 [ 0.143]
 [-0.788]]
2019-04-28 17:38:49,857 - DEBUG - portfolio-optimization - efficient_frontier - 
theta_ef at mu_p = -0.002999999999999995
[[-0.66 ]
 [ 0.252]
 [ 0.8  ]
 [ 0.536]
 [-0.09 ]
 [-0.395]
 [ 1.186]
 [ 0.137]
 [-0.765]]
2019-04-28 17:38:49,858 - DEBUG - portfolio-optimization - efficient_frontier - 
theta_ef at mu_p = -0.0028999999999999946
[[-0.588]
 [ 0.241]
 [ 0.771]
 [ 0.517]
 [-0.084]
 [-0.374]
 [ 1.13 ]
 [ 0.13 ]
 [-0.743]]
2019-04-28 17:38:49,858 - DEBUG - portfolio-optimization - efficient_frontier - 
theta_ef at mu_p = -0.0027999999999999943
[[-0.517]
 [ 0.231]
 [ 0.742]
 [ 0.499]
 [-0.079]
 [-0.352]
 [ 1.074]
 [ 0.124]
 [-0.721]]
2019-04-28 17:38:49,859 - DEBUG - portfolio-optimization - efficient_frontier - 
theta_ef at mu_p = -0.002699999999999994
[[-0.446]
 [ 0.22 ]
 [ 0.712]
 [ 0.481]
 [-0.073]
 [-0.33 ]
 [ 1.017]
 [ 0.118]
 [-0.699]]
2019-04-28 17:38:49,859 - DEBUG - portfolio-optimization - efficient_frontier - 
theta_ef at mu_p = -0.002599999999999994
[[-0.374]
 [ 0.21 ]
 [ 0.683]
 [ 0.462]
 [-0.068]
 [-0.308]
 [ 0.961]
 [ 0.111]
 [-0.677]]
2019-04-28 17:38:49,860 - DEBUG - portfolio-optimization - efficient_frontier - 
theta_ef at mu_p = -0.0024999999999999935
[[-0.303]
 [ 0.199]
 [ 0.654]
 [ 0.444]
 [-0.063]
 [-0.287]
 [ 0.905]
 [ 0.105]
 [-0.655]]
2019-04-28 17:38:49,860 - DEBUG - portfolio-optimization - efficient_frontier - 
theta_ef at mu_p = -0.0023999999999999933
[[-0.232]
 [ 0.189]
 [ 0.624]
 [ 0.426]
 [-0.057]
 [-0.265]
 [ 0.849]
 [ 0.099]
 [-0.633]]
2019-04-28 17:38:49,861 - DEBUG - portfolio-optimization - efficient_frontier - 
theta_ef at mu_p = -0.002299999999999993
[[-0.16 ]
 [ 0.179]
 [ 0.595]
 [ 0.407]
 [-0.052]
 [-0.243]
 [ 0.793]
 [ 0.093]
 [-0.611]]
2019-04-28 17:38:49,861 - DEBUG - portfolio-optimization - efficient_frontier - 
theta_ef at mu_p = -0.0021999999999999928
[[-0.089]
 [ 0.168]
 [ 0.566]
 [ 0.389]
 [-0.046]
 [-0.222]
 [ 0.737]
 [ 0.086]
 [-0.589]]
2019-04-28 17:38:49,862 - DEBUG - portfolio-optimization - efficient_frontier - 
theta_ef at mu_p = -0.0020999999999999925
[[-0.018]
 [ 0.158]
 [ 0.536]
 [ 0.371]
 [-0.041]
 [-0.2  ]
 [ 0.68 ]
 [ 0.08 ]
 [-0.567]]
2019-04-28 17:38:49,862 - DEBUG - portfolio-optimization - efficient_frontier - 
theta_ef at mu_p = -0.0019999999999999922
[[ 0.054]
 [ 0.147]
 [ 0.507]
 [ 0.352]
 [-0.035]
 [-0.178]
 [ 0.624]
 [ 0.074]
 [-0.545]]
2019-04-28 17:38:49,863 - DEBUG - portfolio-optimization - efficient_frontier - 
theta_ef at mu_p = -0.001899999999999992
[[ 0.125]
 [ 0.137]
 [ 0.478]
 [ 0.334]
 [-0.03 ]
 [-0.157]
 [ 0.568]
 [ 0.067]
 [-0.522]]
2019-04-28 17:38:49,863 - DEBUG - portfolio-optimization - efficient_frontier - 
theta_ef at mu_p = -0.0017999999999999917
[[ 0.196]
 [ 0.126]
 [ 0.448]
 [ 0.316]
 [-0.024]
 [-0.135]
 [ 0.512]
 [ 0.061]
 [-0.5  ]]
2019-04-28 17:38:49,864 - DEBUG - portfolio-optimization - efficient_frontier - 
theta_ef at mu_p = -0.0016999999999999914
[[ 0.268]
 [ 0.116]
 [ 0.419]
 [ 0.297]
 [-0.019]
 [-0.113]
 [ 0.456]
 [ 0.055]
 [-0.478]]
2019-04-28 17:38:49,864 - DEBUG - portfolio-optimization - efficient_frontier - 
theta_ef at mu_p = -0.0015999999999999912
[[ 0.339]
 [ 0.106]
 [ 0.39 ]
 [ 0.279]
 [-0.014]
 [-0.091]
 [ 0.399]
 [ 0.048]
 [-0.456]]
2019-04-28 17:38:49,865 - DEBUG - portfolio-optimization - efficient_frontier - 
theta_ef at mu_p = -0.001499999999999991
[[ 0.411]
 [ 0.095]
 [ 0.36 ]
 [ 0.261]
 [-0.008]
 [-0.07 ]
 [ 0.343]
 [ 0.042]
 [-0.434]]
2019-04-28 17:38:49,865 - DEBUG - portfolio-optimization - efficient_frontier - 
theta_ef at mu_p = -0.0013999999999999907
[[ 0.482]
 [ 0.085]
 [ 0.331]
 [ 0.242]
 [-0.003]
 [-0.048]
 [ 0.287]
 [ 0.036]
 [-0.412]]
2019-04-28 17:38:49,866 - DEBUG - portfolio-optimization - efficient_frontier - 
theta_ef at mu_p = -0.0012999999999999904
[[ 0.553]
 [ 0.074]
 [ 0.302]
 [ 0.224]
 [ 0.003]
 [-0.026]
 [ 0.231]
 [ 0.03 ]
 [-0.39 ]]
2019-04-28 17:38:49,866 - DEBUG - portfolio-optimization - efficient_frontier - 
theta_ef at mu_p = -0.0011999999999999901
[[ 0.625]
 [ 0.064]
 [ 0.272]
 [ 0.206]
 [ 0.008]
 [-0.005]
 [ 0.175]
 [ 0.023]
 [-0.368]]
2019-04-28 17:38:49,867 - DEBUG - portfolio-optimization - efficient_frontier - 
theta_ef at mu_p = -0.0010999999999999899
[[ 0.696]
 [ 0.053]
 [ 0.243]
 [ 0.187]
 [ 0.014]
 [ 0.017]
 [ 0.119]
 [ 0.017]
 [-0.346]]
2019-04-28 17:38:49,867 - DEBUG - portfolio-optimization - efficient_frontier - 
theta_ef at mu_p = -0.0009999999999999896
[[ 0.767]
 [ 0.043]
 [ 0.214]
 [ 0.169]
 [ 0.019]
 [ 0.039]
 [ 0.062]
 [ 0.011]
 [-0.324]]
2019-04-28 17:38:49,868 - DEBUG - portfolio-optimization - efficient_frontier - 
theta_ef at mu_p = -0.0008999999999999894
[[ 0.839]
 [ 0.033]
 [ 0.184]
 [ 0.151]
 [ 0.024]
 [ 0.06 ]
 [ 0.006]
 [ 0.004]
 [-0.302]]
2019-04-28 17:38:49,868 - DEBUG - portfolio-optimization - efficient_frontier - 
theta_ef at mu_p = -0.0007999999999999891
[[ 0.91 ]
 [ 0.022]
 [ 0.155]
 [ 0.132]
 [ 0.03 ]
 [ 0.082]
 [-0.05 ]
 [-0.002]
 [-0.279]]
2019-04-28 17:38:49,869 - DEBUG - portfolio-optimization - efficient_frontier - 
theta_ef at mu_p = -0.0006999999999999888
[[ 0.981]
 [ 0.012]
 [ 0.126]
 [ 0.114]
 [ 0.035]
 [ 0.104]
 [-0.106]
 [-0.008]
 [-0.257]]
2019-04-28 17:38:49,869 - DEBUG - portfolio-optimization - efficient_frontier - 
theta_ef at mu_p = -0.0005999999999999886
[[ 1.053]
 [ 0.001]
 [ 0.096]
 [ 0.096]
 [ 0.041]
 [ 0.125]
 [-0.162]
 [-0.014]
 [-0.235]]
2019-04-28 17:38:49,870 - DEBUG - portfolio-optimization - efficient_frontier - 
theta_ef at mu_p = -0.0004999999999999883
[[ 1.124]
 [-0.009]
 [ 0.067]
 [ 0.077]
 [ 0.046]
 [ 0.147]
 [-0.218]
 [-0.021]
 [-0.213]]
2019-04-28 17:38:49,870 - DEBUG - portfolio-optimization - efficient_frontier - 
theta_ef at mu_p = -0.00039999999999998804
[[ 1.195]
 [-0.02 ]
 [ 0.038]
 [ 0.059]
 [ 0.052]
 [ 0.169]
 [-0.275]
 [-0.027]
 [-0.191]]
2019-04-28 17:38:49,871 - DEBUG - portfolio-optimization - efficient_frontier - 
theta_ef at mu_p = -0.0002999999999999878
[[ 1.267]
 [-0.03 ]
 [ 0.008]
 [ 0.041]
 [ 0.057]
 [ 0.191]
 [-0.331]
 [-0.033]
 [-0.169]]
2019-04-28 17:38:49,871 - DEBUG - portfolio-optimization - efficient_frontier - 
theta_ef at mu_p = -0.00019999999999998751
[[ 1.338]
 [-0.04 ]
 [-0.021]
 [ 0.022]
 [ 0.062]
 [ 0.212]
 [-0.387]
 [-0.04 ]
 [-0.147]]
2019-04-28 17:38:49,872 - DEBUG - portfolio-optimization - efficient_frontier - 
theta_ef at mu_p = -9.999999999998725e-05
[[ 1.409]
 [-0.051]
 [-0.05 ]
 [ 0.004]
 [ 0.068]
 [ 0.234]
 [-0.443]
 [-0.046]
 [-0.125]]
2019-04-28 17:38:49,872 - DEBUG - portfolio-optimization - efficient_frontier - 
theta_ef at mu_p = 1.3010426069826053e-17
[[ 1.481]
 [-0.061]
 [-0.08 ]
 [-0.014]
 [ 0.073]
 [ 0.256]
 [-0.499]
 [-0.052]
 [-0.103]]
2019-04-28 17:38:49,873 - DEBUG - portfolio-optimization - efficient_frontier - 
theta_ef at mu_p = 0.00010000000000001327
[[ 1.552]
 [-0.072]
 [-0.109]
 [-0.033]
 [ 0.079]
 [ 0.277]
 [-0.556]
 [-0.058]
 [-0.081]]
2019-04-28 17:38:49,873 - DEBUG - portfolio-optimization - efficient_frontier - 
theta_ef at mu_p = 0.00020000000000001354
[[ 1.623]
 [-0.082]
 [-0.138]
 [-0.051]
 [ 0.084]
 [ 0.299]
 [-0.612]
 [-0.065]
 [-0.059]]
2019-04-28 17:38:49,874 - DEBUG - portfolio-optimization - efficient_frontier - 
theta_ef at mu_p = 0.0003000000000000138
[[ 1.695]
 [-0.093]
 [-0.168]
 [-0.069]
 [ 0.09 ]
 [ 0.321]
 [-0.668]
 [-0.071]
 [-0.036]]
2019-04-28 17:38:49,874 - DEBUG - portfolio-optimization - efficient_frontier - 
theta_ef at mu_p = 0.00040000000000001406
[[ 1.766]
 [-0.103]
 [-0.197]
 [-0.088]
 [ 0.095]
 [ 0.342]
 [-0.724]
 [-0.077]
 [-0.014]]
2019-04-28 17:38:49,875 - DEBUG - portfolio-optimization - efficient_frontier - 
theta_ef at mu_p = 0.0005000000000000143
[[ 1.837]
 [-0.113]
 [-0.226]
 [-0.106]
 [ 0.101]
 [ 0.364]
 [-0.78 ]
 [-0.084]
 [ 0.008]]
2019-04-28 17:38:49,876 - DEBUG - portfolio-optimization - efficient_frontier - 
theta_ef at mu_p = 0.0006000000000000146
[[ 1.909]
 [-0.124]
 [-0.256]
 [-0.124]
 [ 0.106]
 [ 0.386]
 [-0.836]
 [-0.09 ]
 [ 0.03 ]]
2019-04-28 17:38:49,876 - DEBUG - portfolio-optimization - efficient_frontier - 
theta_ef at mu_p = 0.0007000000000000148
[[ 1.98 ]
 [-0.134]
 [-0.285]
 [-0.143]
 [ 0.111]
 [ 0.408]
 [-0.893]
 [-0.096]
 [ 0.052]]
2019-04-28 17:38:49,877 - DEBUG - portfolio-optimization - efficient_frontier - 
theta_ef at mu_p = 0.0008000000000000151
[[ 2.051]
 [-0.145]
 [-0.314]
 [-0.161]
 [ 0.117]
 [ 0.429]
 [-0.949]
 [-0.103]
 [ 0.074]]
2019-04-28 17:38:49,877 - DEBUG - portfolio-optimization - efficient_frontier - 
theta_ef at mu_p = 0.0009000000000000154
[[ 2.123]
 [-0.155]
 [-0.344]
 [-0.179]
 [ 0.122]
 [ 0.451]
 [-1.005]
 [-0.109]
 [ 0.096]]
2019-04-28 17:38:49,878 - DEBUG - portfolio-optimization - efficient_frontier - 
theta_ef at mu_p = 0.0010000000000000156
[[ 2.194]
 [-0.166]
 [-0.373]
 [-0.198]
 [ 0.128]
 [ 0.473]
 [-1.061]
 [-0.115]
 [ 0.118]]
2019-04-28 17:38:49,878 - DEBUG - portfolio-optimization - efficient_frontier - 
theta_ef at mu_p = 0.001100000000000016
[[ 2.265]
 [-0.176]
 [-0.402]
 [-0.216]
 [ 0.133]
 [ 0.494]
 [-1.117]
 [-0.121]
 [ 0.14 ]]
2019-04-28 17:38:49,879 - DEBUG - portfolio-optimization - efficient_frontier - 
theta_ef at mu_p = 0.0012000000000000162
[[ 2.337]
 [-0.186]
 [-0.432]
 [-0.234]
 [ 0.139]
 [ 0.516]
 [-1.174]
 [-0.128]
 [ 0.162]]
2019-04-28 17:38:49,879 - DEBUG - portfolio-optimization - efficient_frontier - 
theta_ef at mu_p = 0.0013000000000000164
[[ 2.408]
 [-0.197]
 [-0.461]
 [-0.253]
 [ 0.144]
 [ 0.538]
 [-1.23 ]
 [-0.134]
 [ 0.184]]
2019-04-28 17:38:49,880 - DEBUG - portfolio-optimization - efficient_frontier - 
theta_ef at mu_p = 0.0014000000000000167
[[ 2.479]
 [-0.207]
 [-0.49 ]
 [-0.271]
 [ 0.149]
 [ 0.559]
 [-1.286]
 [-0.14 ]
 [ 0.207]]
2019-04-28 17:38:49,880 - DEBUG - portfolio-optimization - efficient_frontier - 
theta_ef at mu_p = 0.001500000000000017
[[ 2.551]
 [-0.218]
 [-0.519]
 [-0.289]
 [ 0.155]
 [ 0.581]
 [-1.342]
 [-0.147]
 [ 0.229]]
2019-04-28 17:38:49,881 - DEBUG - portfolio-optimization - efficient_frontier - 
theta_ef at mu_p = 0.0016000000000000172
[[ 2.622]
 [-0.228]
 [-0.549]
 [-0.308]
 [ 0.16 ]
 [ 0.603]
 [-1.398]
 [-0.153]
 [ 0.251]]
2019-04-28 17:38:49,881 - DEBUG - portfolio-optimization - efficient_frontier - 
theta_ef at mu_p = 0.0017000000000000175
[[ 2.693]
 [-0.239]
 [-0.578]
 [-0.326]
 [ 0.166]
 [ 0.624]
 [-1.454]
 [-0.159]
 [ 0.273]]
2019-04-28 17:38:49,882 - DEBUG - portfolio-optimization - efficient_frontier - 
theta_ef at mu_p = 0.0018000000000000177
[[ 2.765]
 [-0.249]
 [-0.607]
 [-0.344]
 [ 0.171]
 [ 0.646]
 [-1.511]
 [-0.165]
 [ 0.295]]
2019-04-28 17:38:49,882 - DEBUG - portfolio-optimization - efficient_frontier - 
theta_ef at mu_p = 0.001900000000000018
[[ 2.836]
 [-0.259]
 [-0.637]
 [-0.363]
 [ 0.177]
 [ 0.668]
 [-1.567]
 [-0.172]
 [ 0.317]]
2019-04-28 17:38:49,883 - DEBUG - portfolio-optimization - efficient_frontier - 
theta_ef at mu_p = 0.0020000000000000183
[[ 2.907]
 [-0.27 ]
 [-0.666]
 [-0.381]
 [ 0.182]
 [ 0.69 ]
 [-1.623]
 [-0.178]
 [ 0.339]]
2019-04-28 17:38:49,883 - DEBUG - portfolio-optimization - efficient_frontier - 
theta_ef at mu_p = 0.0021000000000000185
[[ 2.979]
 [-0.28 ]
 [-0.695]
 [-0.399]
 [ 0.187]
 [ 0.711]
 [-1.679]
 [-0.184]
 [ 0.361]]
2019-04-28 17:38:49,884 - DEBUG - portfolio-optimization - efficient_frontier - 
theta_ef at mu_p = 0.0022000000000000188
[[ 3.05 ]
 [-0.291]
 [-0.725]
 [-0.418]
 [ 0.193]
 [ 0.733]
 [-1.735]
 [-0.191]
 [ 0.383]]
2019-04-28 17:38:49,884 - DEBUG - portfolio-optimization - efficient_frontier - 
theta_ef at mu_p = 0.002300000000000019
[[ 3.122]
 [-0.301]
 [-0.754]
 [-0.436]
 [ 0.198]
 [ 0.755]
 [-1.792]
 [-0.197]
 [ 0.405]]
2019-04-28 17:38:49,885 - DEBUG - portfolio-optimization - efficient_frontier - 
theta_ef at mu_p = 0.0024000000000000193
[[ 3.193]
 [-0.312]
 [-0.783]
 [-0.454]
 [ 0.204]
 [ 0.776]
 [-1.848]
 [-0.203]
 [ 0.427]]
2019-04-28 17:38:49,885 - DEBUG - portfolio-optimization - efficient_frontier - 
theta_ef at mu_p = 0.0025000000000000196
[[ 3.264]
 [-0.322]
 [-0.813]
 [-0.473]
 [ 0.209]
 [ 0.798]
 [-1.904]
 [-0.21 ]
 [ 0.45 ]]
2019-04-28 17:38:49,886 - DEBUG - portfolio-optimization - efficient_frontier - 
theta_ef at mu_p = 0.00260000000000002
[[ 3.336]
 [-0.333]
 [-0.842]
 [-0.491]
 [ 0.215]
 [ 0.82 ]
 [-1.96 ]
 [-0.216]
 [ 0.472]]
2019-04-28 17:38:49,886 - DEBUG - portfolio-optimization - efficient_frontier - 
theta_ef at mu_p = 0.00270000000000002
[[ 3.407]
 [-0.343]
 [-0.871]
 [-0.509]
 [ 0.22 ]
 [ 0.841]
 [-2.016]
 [-0.222]
 [ 0.494]]
2019-04-28 17:38:49,887 - DEBUG - portfolio-optimization - efficient_frontier - 
theta_ef at mu_p = 0.0028000000000000204
[[ 3.478]
 [-0.353]
 [-0.901]
 [-0.528]
 [ 0.225]
 [ 0.863]
 [-2.072]
 [-0.228]
 [ 0.516]]
2019-04-28 17:38:49,888 - DEBUG - portfolio-optimization - efficient_frontier - 
theta_ef at mu_p = 0.0029000000000000215
[[ 3.55 ]
 [-0.364]
 [-0.93 ]
 [-0.546]
 [ 0.231]
 [ 0.885]
 [-2.129]
 [-0.235]
 [ 0.538]]
2019-04-28 17:38:49,888 - DEBUG - portfolio-optimization - efficient_frontier - 
theta_ef at mu_p = 0.003000000000000021
[[ 3.621]
 [-0.374]
 [-0.959]
 [-0.564]
 [ 0.236]
 [ 0.906]
 [-2.185]
 [-0.241]
 [ 0.56 ]]
2019-04-28 17:38:49,889 - DEBUG - portfolio-optimization - efficient_frontier - 
theta_ef at mu_p = 0.0031000000000000203
[[ 3.692]
 [-0.385]
 [-0.989]
 [-0.583]
 [ 0.242]
 [ 0.928]
 [-2.241]
 [-0.247]
 [ 0.582]]
2019-04-28 17:38:49,890 - DEBUG - portfolio-optimization - efficient_frontier - 
theta_ef at mu_p = 0.0032000000000000214
[[ 3.764]
 [-0.395]
 [-1.018]
 [-0.601]
 [ 0.247]
 [ 0.95 ]
 [-2.297]
 [-0.254]
 [ 0.604]]
2019-04-28 17:38:49,890 - DEBUG - portfolio-optimization - efficient_frontier - 
theta_ef at mu_p = 0.0033000000000000225
[[ 3.835]
 [-0.406]
 [-1.047]
 [-0.619]
 [ 0.253]
 [ 0.972]
 [-2.353]
 [-0.26 ]
 [ 0.626]]
2019-04-28 17:38:49,891 - DEBUG - portfolio-optimization - efficient_frontier - 
theta_ef at mu_p = 0.003400000000000022
[[ 3.906]
 [-0.416]
 [-1.077]
 [-0.638]
 [ 0.258]
 [ 0.993]
 [-2.409]
 [-0.266]
 [ 0.648]]
2019-04-28 17:38:49,892 - DEBUG - portfolio-optimization - efficient_frontier - 
theta_ef at mu_p = 0.0035000000000000213
[[ 3.978]
 [-0.426]
 [-1.106]
 [-0.656]
 [ 0.264]
 [ 1.015]
 [-2.466]
 [-0.272]
 [ 0.67 ]]
2019-04-28 17:38:49,892 - DEBUG - portfolio-optimization - efficient_frontier - 
theta_ef at mu_p = 0.0036000000000000225
[[ 4.049]
 [-0.437]
 [-1.135]
 [-0.674]
 [ 0.269]
 [ 1.037]
 [-2.522]
 [-0.279]
 [ 0.692]]
2019-04-28 17:38:49,893 - DEBUG - portfolio-optimization - efficient_frontier - 
theta_ef at mu_p = 0.0037000000000000236
[[ 4.12 ]
 [-0.447]
 [-1.165]
 [-0.693]
 [ 0.274]
 [ 1.058]
 [-2.578]
 [-0.285]
 [ 0.715]]
2019-04-28 17:38:49,894 - DEBUG - portfolio-optimization - efficient_frontier - 
theta_ef at mu_p = 0.003800000000000023
[[ 4.192]
 [-0.458]
 [-1.194]
 [-0.711]
 [ 0.28 ]
 [ 1.08 ]
 [-2.634]
 [-0.291]
 [ 0.737]]
2019-04-28 17:38:49,895 - DEBUG - portfolio-optimization - efficient_frontier - 
theta_ef at mu_p = 0.0039000000000000224
[[ 4.263]
 [-0.468]
 [-1.223]
 [-0.729]
 [ 0.285]
 [ 1.102]
 [-2.69 ]
 [-0.298]
 [ 0.759]]
2019-04-28 17:38:49,895 - DEBUG - portfolio-optimization - efficient_frontier - 
theta_ef at mu_p = 0.0040000000000000235
[[ 4.334]
 [-0.479]
 [-1.253]
 [-0.748]
 [ 0.291]
 [ 1.123]
 [-2.747]
 [-0.304]
 [ 0.781]]
2019-04-28 17:38:49,896 - DEBUG - portfolio-optimization - efficient_frontier - 
theta_ef at mu_p = 0.004100000000000025
[[ 4.406]
 [-0.489]
 [-1.282]
 [-0.766]
 [ 0.296]
 [ 1.145]
 [-2.803]
 [-0.31 ]
 [ 0.803]]
2019-04-28 17:38:49,897 - DEBUG - portfolio-optimization - efficient_frontier - 
theta_ef at mu_p = 0.004200000000000024
[[ 4.477]
 [-0.499]
 [-1.311]
 [-0.784]
 [ 0.302]
 [ 1.167]
 [-2.859]
 [-0.316]
 [ 0.825]]
2019-04-28 17:38:49,897 - DEBUG - portfolio-optimization - efficient_frontier - 
theta_ef at mu_p = 0.004300000000000023
[[ 4.548]
 [-0.51 ]
 [-1.341]
 [-0.803]
 [ 0.307]
 [ 1.189]
 [-2.915]
 [-0.323]
 [ 0.847]]
2019-04-28 17:38:49,898 - DEBUG - portfolio-optimization - efficient_frontier - 
theta_ef at mu_p = 0.0044000000000000246
[[ 4.62 ]
 [-0.52 ]
 [-1.37 ]
 [-0.821]
 [ 0.312]
 [ 1.21 ]
 [-2.971]
 [-0.329]
 [ 0.869]]
2019-04-28 17:38:49,898 - DEBUG - portfolio-optimization - efficient_frontier - 
theta_ef at mu_p = 0.004500000000000026
[[ 4.691]
 [-0.531]
 [-1.399]
 [-0.839]
 [ 0.318]
 [ 1.232]
 [-3.027]
 [-0.335]
 [ 0.891]]
2019-04-28 17:38:49,899 - DEBUG - portfolio-optimization - efficient_frontier - 
theta_ef at mu_p = 0.004600000000000025
[[ 4.762]
 [-0.541]
 [-1.429]
 [-0.858]
 [ 0.323]
 [ 1.254]
 [-3.084]
 [-0.342]
 [ 0.913]]
2019-04-28 17:38:49,899 - DEBUG - portfolio-optimization - efficient_frontier - 
theta_ef at mu_p = 0.0047000000000000245
[[ 4.834]
 [-0.552]
 [-1.458]
 [-0.876]
 [ 0.329]
 [ 1.275]
 [-3.14 ]
 [-0.348]
 [ 0.935]]
2019-04-28 17:38:49,900 - DEBUG - portfolio-optimization - efficient_frontier - 
theta_ef at mu_p = 0.004800000000000026
[[ 4.905]
 [-0.562]
 [-1.487]
 [-0.894]
 [ 0.334]
 [ 1.297]
 [-3.196]
 [-0.354]
 [ 0.958]]
2019-04-28 17:38:49,900 - DEBUG - portfolio-optimization - efficient_frontier - 
theta_ef at mu_p = 0.004900000000000027
[[ 4.976]
 [-0.572]
 [-1.517]
 [-0.913]
 [ 0.34 ]
 [ 1.319]
 [-3.252]
 [-0.361]
 [ 0.98 ]]
2019-04-28 17:38:49,901 - DEBUG - portfolio-optimization - efficient_frontier - 
theta_ef at mu_p = 0.005000000000000026
[[ 5.048]
 [-0.583]
 [-1.546]
 [-0.931]
 [ 0.345]
 [ 1.34 ]
 [-3.308]
 [-0.367]
 [ 1.002]]
2019-04-28 17:38:49,901 - DEBUG - portfolio-optimization - efficient_frontier - 
theta_ef at mu_p = 0.0051000000000000255
[[ 5.119]
 [-0.593]
 [-1.575]
 [-0.949]
 [ 0.35 ]
 [ 1.362]
 [-3.365]
 [-0.373]
 [ 1.024]]
2019-04-28 17:38:49,902 - DEBUG - portfolio-optimization - efficient_frontier - 
theta_ef at mu_p = 0.005200000000000027
[[ 5.19 ]
 [-0.604]
 [-1.605]
 [-0.968]
 [ 0.356]
 [ 1.384]
 [-3.421]
 [-0.379]
 [ 1.046]]
2019-04-28 17:38:49,902 - DEBUG - portfolio-optimization - efficient_frontier - 
theta_ef at mu_p = 0.005300000000000028
[[ 5.262]
 [-0.614]
 [-1.634]
 [-0.986]
 [ 0.361]
 [ 1.405]
 [-3.477]
 [-0.386]
 [ 1.068]]
2019-04-28 17:38:49,903 - DEBUG - portfolio-optimization - efficient_frontier - 
theta_ef at mu_p = 0.005400000000000027
[[ 5.333]
 [-0.625]
 [-1.663]
 [-1.004]
 [ 0.367]
 [ 1.427]
 [-3.533]
 [-0.392]
 [ 1.09 ]]
2019-04-28 17:38:49,904 - DEBUG - portfolio-optimization - efficient_frontier - 
theta_ef at mu_p = 0.005500000000000027
[[ 5.404]
 [-0.635]
 [-1.693]
 [-1.023]
 [ 0.372]
 [ 1.449]
 [-3.589]
 [-0.398]
 [ 1.112]]
2019-04-28 17:38:49,904 - DEBUG - portfolio-optimization - efficient_frontier - 
theta_ef at mu_p = 0.005600000000000028
[[ 5.476]
 [-0.645]
 [-1.722]
 [-1.041]
 [ 0.378]
 [ 1.471]
 [-3.645]
 [-0.405]
 [ 1.134]]
2019-04-28 17:38:49,905 - DEBUG - portfolio-optimization - efficient_frontier - 
theta_ef at mu_p = 0.005700000000000029
[[ 5.547]
 [-0.656]
 [-1.751]
 [-1.059]
 [ 0.383]
 [ 1.492]
 [-3.702]
 [-0.411]
 [ 1.156]]
2019-04-28 17:38:49,906 - DEBUG - portfolio-optimization - efficient_frontier - 
theta_ef at mu_p = 0.005800000000000028
[[ 5.618]
 [-0.666]
 [-1.781]
 [-1.078]
 [ 0.389]
 [ 1.514]
 [-3.758]
 [-0.417]
 [ 1.178]]
2019-04-28 17:38:49,906 - DEBUG - portfolio-optimization - efficient_frontier - 
theta_ef at mu_p = 0.005900000000000028
[[ 5.69 ]
 [-0.677]
 [-1.81 ]
 [-1.096]
 [ 0.394]
 [ 1.536]
 [-3.814]
 [-0.423]
 [ 1.201]]
2019-04-28 17:38:49,907 - DEBUG - portfolio-optimization - efficient_frontier - 
theta_ef at mu_p = 0.006000000000000029
[[ 5.761]
 [-0.687]
 [-1.839]
 [-1.114]
 [ 0.399]
 [ 1.557]
 [-3.87 ]
 [-0.43 ]
 [ 1.223]]
2019-04-28 17:38:49,907 - DEBUG - portfolio-optimization - efficient_frontier - 
theta_ef at mu_p = 0.00610000000000003
[[ 5.832]
 [-0.698]
 [-1.868]
 [-1.133]
 [ 0.405]
 [ 1.579]
 [-3.926]
 [-0.436]
 [ 1.245]]
2019-04-28 17:38:49,908 - DEBUG - portfolio-optimization - efficient_frontier - 
theta_ef at mu_p = 0.006200000000000029
[[ 5.904]
 [-0.708]
 [-1.898]
 [-1.151]
 [ 0.41 ]
 [ 1.601]
 [-3.983]
 [-0.442]
 [ 1.267]]
2019-04-28 17:38:49,909 - DEBUG - portfolio-optimization - efficient_frontier - 
theta_ef at mu_p = 0.006300000000000029
[[ 5.975]
 [-0.718]
 [-1.927]
 [-1.169]
 [ 0.416]
 [ 1.622]
 [-4.039]
 [-0.449]
 [ 1.289]]
2019-04-28 17:38:49,909 - DEBUG - portfolio-optimization - efficient_frontier - 
theta_ef at mu_p = 0.00640000000000003
[[ 6.047]
 [-0.729]
 [-1.956]
 [-1.188]
 [ 0.421]
 [ 1.644]
 [-4.095]
 [-0.455]
 [ 1.311]]
2019-04-28 17:38:49,910 - DEBUG - portfolio-optimization - efficient_frontier - 
theta_ef at mu_p = 0.006500000000000031
[[ 6.118]
 [-0.739]
 [-1.986]
 [-1.206]
 [ 0.427]
 [ 1.666]
 [-4.151]
 [-0.461]
 [ 1.333]]
2019-04-28 17:38:49,911 - DEBUG - portfolio-optimization - efficient_frontier - 
theta_ef at mu_p = 0.00660000000000003
[[ 6.189]
 [-0.75 ]
 [-2.015]
 [-1.224]
 [ 0.432]
 [ 1.688]
 [-4.207]
 [-0.468]
 [ 1.355]]
2019-04-28 17:38:49,911 - DEBUG - portfolio-optimization - efficient_frontier - 
theta_ef at mu_p = 0.00670000000000003
[[ 6.261]
 [-0.76 ]
 [-2.044]
 [-1.243]
 [ 0.437]
 [ 1.709]
 [-4.263]
 [-0.474]
 [ 1.377]]
2019-04-28 17:38:49,912 - DEBUG - portfolio-optimization - efficient_frontier - 
theta_ef at mu_p = 0.006800000000000031
[[ 6.332]
 [-0.771]
 [-2.074]
 [-1.261]
 [ 0.443]
 [ 1.731]
 [-4.32 ]
 [-0.48 ]
 [ 1.399]]
2019-04-28 17:38:49,913 - DEBUG - portfolio-optimization - efficient_frontier - 
theta_ef at mu_p = 0.006900000000000032
[[ 6.403]
 [-0.781]
 [-2.103]
 [-1.279]
 [ 0.448]
 [ 1.753]
 [-4.376]
 [-0.486]
 [ 1.421]]
2019-04-28 17:38:49,913 - DEBUG - portfolio-optimization - efficient_frontier - 
theta_ef at mu_p = 0.007000000000000031
[[ 6.475]
 [-0.791]
 [-2.132]
 [-1.298]
 [ 0.454]
 [ 1.774]
 [-4.432]
 [-0.493]
 [ 1.444]]
2019-04-28 17:38:49,914 - DEBUG - portfolio-optimization - efficient_frontier - 
theta_ef at mu_p = 0.007100000000000031
[[ 6.546]
 [-0.802]
 [-2.162]
 [-1.316]
 [ 0.459]
 [ 1.796]
 [-4.488]
 [-0.499]
 [ 1.466]]
2019-04-28 17:38:49,914 - DEBUG - portfolio-optimization - efficient_frontier - 
theta_ef at mu_p = 0.007200000000000032
[[ 6.617]
 [-0.812]
 [-2.191]
 [-1.334]
 [ 0.465]
 [ 1.818]
 [-4.544]
 [-0.505]
 [ 1.488]]
2019-04-28 17:38:49,915 - DEBUG - portfolio-optimization - efficient_frontier - 
theta_ef at mu_p = 0.007300000000000033
[[ 6.689]
 [-0.823]
 [-2.22 ]
 [-1.353]
 [ 0.47 ]
 [ 1.839]
 [-4.6  ]
 [-0.512]
 [ 1.51 ]]
2019-04-28 17:38:49,915 - DEBUG - portfolio-optimization - efficient_frontier - 
theta_ef at mu_p = 0.007400000000000032
[[ 6.76 ]
 [-0.833]
 [-2.25 ]
 [-1.371]
 [ 0.475]
 [ 1.861]
 [-4.657]
 [-0.518]
 [ 1.532]]
2019-04-28 17:38:49,916 - DEBUG - portfolio-optimization - efficient_frontier - 
theta_ef at mu_p = 0.007500000000000032
[[ 6.831]
 [-0.844]
 [-2.279]
 [-1.389]
 [ 0.481]
 [ 1.883]
 [-4.713]
 [-0.524]
 [ 1.554]]
2019-04-28 17:38:49,916 - DEBUG - portfolio-optimization - efficient_frontier - 
theta_ef at mu_p = 0.007600000000000033
[[ 6.903]
 [-0.854]
 [-2.308]
 [-1.408]
 [ 0.486]
 [ 1.904]
 [-4.769]
 [-0.53 ]
 [ 1.576]]
2019-04-28 17:38:49,917 - DEBUG - portfolio-optimization - efficient_frontier - 
theta_ef at mu_p = 0.007700000000000034
[[ 6.974]
 [-0.864]
 [-2.338]
 [-1.426]
 [ 0.492]
 [ 1.926]
 [-4.825]
 [-0.537]
 [ 1.598]]
2019-04-28 17:38:49,917 - DEBUG - portfolio-optimization - efficient_frontier - 
theta_ef at mu_p = 0.0078000000000000335
[[ 7.045]
 [-0.875]
 [-2.367]
 [-1.444]
 [ 0.497]
 [ 1.948]
 [-4.881]
 [-0.543]
 [ 1.62 ]]
2019-04-28 17:38:49,918 - DEBUG - portfolio-optimization - efficient_frontier - 
theta_ef at mu_p = 0.007900000000000032
[[ 7.117]
 [-0.885]
 [-2.396]
 [-1.463]
 [ 0.503]
 [ 1.97 ]
 [-4.938]
 [-0.549]
 [ 1.642]]
2019-04-28 17:38:49,918 - DEBUG - portfolio-optimization - efficient_frontier - 
theta_ef at mu_p = 0.008000000000000035
[[ 7.188]
 [-0.896]
 [-2.426]
 [-1.481]
 [ 0.508]
 [ 1.991]
 [-4.994]
 [-0.556]
 [ 1.664]]
2019-04-28 17:38:49,919 - DEBUG - portfolio-optimization - efficient_frontier - 
theta_ef at mu_p = 0.008100000000000034
[[ 7.259]
 [-0.906]
 [-2.455]
 [-1.499]
 [ 0.514]
 [ 2.013]
 [-5.05 ]
 [-0.562]
 [ 1.687]]
2019-04-28 17:38:49,919 - DEBUG - portfolio-optimization - efficient_frontier - 
theta_ef at mu_p = 0.008200000000000034
[[ 7.331]
 [-0.917]
 [-2.484]
 [-1.518]
 [ 0.519]
 [ 2.035]
 [-5.106]
 [-0.568]
 [ 1.709]]
2019-04-28 17:38:49,920 - DEBUG - portfolio-optimization - efficient_frontier - 
theta_ef at mu_p = 0.008300000000000033
[[ 7.402]
 [-0.927]
 [-2.514]
 [-1.536]
 [ 0.524]
 [ 2.056]
 [-5.162]
 [-0.574]
 [ 1.731]]
2019-04-28 17:38:49,920 - DEBUG - portfolio-optimization - efficient_frontier - 
theta_ef at mu_p = 0.008400000000000036
[[ 7.473]
 [-0.938]
 [-2.543]
 [-1.554]
 [ 0.53 ]
 [ 2.078]
 [-5.218]
 [-0.581]
 [ 1.753]]
2019-04-28 17:38:49,921 - DEBUG - portfolio-optimization - efficient_frontier - 
theta_ef at mu_p = 0.008500000000000035
[[ 7.545]
 [-0.948]
 [-2.572]
 [-1.573]
 [ 0.535]
 [ 2.1  ]
 [-5.275]
 [-0.587]
 [ 1.775]]
2019-04-28 17:38:49,921 - DEBUG - portfolio-optimization - efficient_frontier - 
theta_ef at mu_p = 0.008600000000000035
[[ 7.616]
 [-0.958]
 [-2.602]
 [-1.591]
 [ 0.541]
 [ 2.121]
 [-5.331]
 [-0.593]
 [ 1.797]]
2019-04-28 17:38:49,922 - DEBUG - portfolio-optimization - efficient_frontier - 
theta_ef at mu_p = 0.008700000000000034
[[ 7.687]
 [-0.969]
 [-2.631]
 [-1.609]
 [ 0.546]
 [ 2.143]
 [-5.387]
 [-0.6  ]
 [ 1.819]]
2019-04-28 17:38:49,922 - DEBUG - portfolio-optimization - efficient_frontier - 
theta_ef at mu_p = 0.008800000000000037
[[ 7.759]
 [-0.979]
 [-2.66 ]
 [-1.628]
 [ 0.552]
 [ 2.165]
 [-5.443]
 [-0.606]
 [ 1.841]]
2019-04-28 17:38:49,923 - DEBUG - portfolio-optimization - efficient_frontier - 
theta_ef at mu_p = 0.008900000000000036
[[ 7.83 ]
 [-0.99 ]
 [-2.69 ]
 [-1.646]
 [ 0.557]
 [ 2.187]
 [-5.499]
 [-0.612]
 [ 1.863]]
2019-04-28 17:38:49,924 - DEBUG - portfolio-optimization - efficient_frontier - 
theta_ef at mu_p = 0.009000000000000036
[[ 7.901]
 [-1.   ]
 [-2.719]
 [-1.664]
 [ 0.562]
 [ 2.208]
 [-5.556]
 [-0.619]
 [ 1.885]]
2019-04-28 17:38:49,925 - DEBUG - portfolio-optimization - efficient_frontier - 
theta_ef at mu_p = 0.009100000000000035
[[ 7.973]
 [-1.011]
 [-2.748]
 [-1.683]
 [ 0.568]
 [ 2.23 ]
 [-5.612]
 [-0.625]
 [ 1.907]]
2019-04-28 17:38:49,925 - DEBUG - portfolio-optimization - efficient_frontier - 
theta_ef at mu_p = 0.009200000000000038
[[ 8.044]
 [-1.021]
 [-2.778]
 [-1.701]
 [ 0.573]
 [ 2.252]
 [-5.668]
 [-0.631]
 [ 1.93 ]]
2019-04-28 17:38:49,926 - DEBUG - portfolio-optimization - efficient_frontier - 
theta_ef at mu_p = 0.009300000000000037
[[ 8.115]
 [-1.031]
 [-2.807]
 [-1.719]
 [ 0.579]
 [ 2.273]
 [-5.724]
 [-0.637]
 [ 1.952]]
2019-04-28 17:38:49,926 - DEBUG - portfolio-optimization - efficient_frontier - 
theta_ef at mu_p = 0.009400000000000037
[[ 8.187]
 [-1.042]
 [-2.836]
 [-1.738]
 [ 0.584]
 [ 2.295]
 [-5.78 ]
 [-0.644]
 [ 1.974]]
2019-04-28 17:38:49,927 - DEBUG - portfolio-optimization - efficient_frontier - 
theta_ef at mu_p = 0.009500000000000036
[[ 8.258]
 [-1.052]
 [-2.866]
 [-1.756]
 [ 0.59 ]
 [ 2.317]
 [-5.836]
 [-0.65 ]
 [ 1.996]]
2019-04-28 17:38:49,928 - DEBUG - portfolio-optimization - efficient_frontier - 
theta_ef at mu_p = 0.009600000000000039
[[ 8.329]
 [-1.063]
 [-2.895]
 [-1.774]
 [ 0.595]
 [ 2.338]
 [-5.893]
 [-0.656]
 [ 2.018]]
2019-04-28 17:38:49,928 - DEBUG - portfolio-optimization - efficient_frontier - 
theta_ef at mu_p = 0.009700000000000038
[[ 8.401]
 [-1.073]
 [-2.924]
 [-1.793]
 [ 0.6  ]
 [ 2.36 ]
 [-5.949]
 [-0.663]
 [ 2.04 ]]
2019-04-28 17:38:49,929 - DEBUG - portfolio-optimization - efficient_frontier - 
theta_ef at mu_p = 0.009800000000000038
[[ 8.472]
 [-1.084]
 [-2.954]
 [-1.811]
 [ 0.606]
 [ 2.382]
 [-6.005]
 [-0.669]
 [ 2.062]]
2019-04-28 17:38:49,930 - DEBUG - portfolio-optimization - efficient_frontier - 
theta_ef at mu_p = 0.009900000000000037
[[ 8.543]
 [-1.094]
 [-2.983]
 [-1.829]
 [ 0.611]
 [ 2.403]
 [-6.061]
 [-0.675]
 [ 2.084]]
2019-04-28 17:38:49,930 - DEBUG - portfolio-optimization - portfolio_markowitz - Number of assets = 9
2019-04-28 17:38:49,930 - DEBUG - portfolio-optimization - portfolio_markowitz - 
ones_matrix
[[1.]
 [1.]
 [1.]
 [1.]
 [1.]
 [1.]
 [1.]
 [1.]
 [1.]]
2019-04-28 17:38:49,930 - DEBUG - portfolio-optimization - portfolio_markowitz - Detected gamma as an array
2019-04-28 17:38:49,931 - INFO - portfolio-optimization - portfolio_markowitz - With gamma = 1, (sigma_opt, mu_opt) = (0.09545900717954989, 0.008572018734479991)
2019-04-28 17:38:49,931 - INFO - portfolio-optimization - portfolio_markowitz - With gamma = 2, (sigma_opt, mu_opt) = (0.048888727116441384, 0.0040904757927203335)
2019-04-28 17:38:49,932 - INFO - portfolio-optimization - portfolio_markowitz - With gamma = 3, (sigma_opt, mu_opt) = (0.033841314981663886, 0.002596628145467114)
2019-04-28 17:38:49,932 - INFO - portfolio-optimization - portfolio_markowitz - With gamma = 4, (sigma_opt, mu_opt) = (0.026636986239175025, 0.0018497043218405052)
2019-04-28 17:38:49,933 - DEBUG - portfolio-optimization - portfolio_markowitz - 
With gamma = 1, theta_opt = 
[[ 7.596]
 [-0.955]
 [-2.593]
 [-1.586]
 [ 0.539]
 [ 2.115]
 [-5.315]
 [-0.592]
 [ 1.791]]
2019-04-28 17:38:49,934 - DEBUG - portfolio-optimization - portfolio_markowitz - 
With gamma = 2, theta_opt = 
[[ 4.399]
 [-0.488]
 [-1.279]
 [-0.764]
 [ 0.296]
 [ 1.143]
 [-2.797]
 [-0.31 ]
 [ 0.801]]
2019-04-28 17:38:49,934 - DEBUG - portfolio-optimization - portfolio_markowitz - 
With gamma = 3, theta_opt = 
[[ 3.333]
 [-0.332]
 [-0.841]
 [-0.49 ]
 [ 0.214]
 [ 0.819]
 [-1.958]
 [-0.216]
 [ 0.471]]
2019-04-28 17:38:49,935 - DEBUG - portfolio-optimization - portfolio_markowitz - 
With gamma = 4, theta_opt = 
[[ 2.8  ]
 [-0.254]
 [-0.622]
 [-0.353]
 [ 0.174]
 [ 0.657]
 [-1.539]
 [-0.169]
 [ 0.306]]
2019-04-28 17:38:49,935 - DEBUG - portfolio-optimization - monitor_sharpe_ratio - Detected sigma and mu as arrays
2019-04-28 17:38:49,935 - INFO - portfolio-optimization - monitor_sharpe_ratio - At (0.09545900717954989, 0.008572018734479991), Sharpe Ratio = 0.0897979037049567
2019-04-28 17:38:49,936 - INFO - portfolio-optimization - monitor_sharpe_ratio - At (0.048888727116441384, 0.0040904757927203335), Sharpe Ratio = 0.08366909989245144
2019-04-28 17:38:49,936 - INFO - portfolio-optimization - monitor_sharpe_ratio - At (0.033841314981663886, 0.002596628145467114), Sharpe Ratio = 0.07672952859172393
2019-04-28 17:38:49,939 - INFO - portfolio-optimization - monitor_sharpe_ratio - At (0.026636986239175025, 0.0018497043218405052), Sharpe Ratio = 0.06944120123920568
2019-04-28 17:38:49,939 - DEBUG - portfolio-optimization - portfolio_minimum_variance - Number of assets = 9
2019-04-28 17:38:49,940 - DEBUG - portfolio-optimization - portfolio_minimum_variance - 
ones_matrix
[[1.]
 [1.]
 [1.]
 [1.]
 [1.]
 [1.]
 [1.]
 [1.]
 [1.]]
2019-04-28 17:38:49,940 - INFO - portfolio-optimization - portfolio_minimum_variance - (sigma_mv, mu_mv) = (0.01222031784308586, -0.0003910671490393234)
2019-04-28 17:38:49,941 - INFO - portfolio-optimization - portfolio_minimum_variance - 
theta_mv
[[ 1.202]
 [-0.021]
 [ 0.035]
 [ 0.057]
 [ 0.052]
 [ 0.171]
 [-0.28 ]
 [-0.028]
 [-0.189]]
2019-04-28 17:38:49,942 - DEBUG - portfolio-optimization - monitor_sharpe_ratio - Detected sigma and mu as scalars
2019-04-28 17:38:49,942 - INFO - portfolio-optimization - monitor_sharpe_ratio - At (0.01222031784308586, -0.0003910671490393234), Sharpe Ratio = -0.03200138933052265
